<?xml version="1.0" encoding="UTF-8"?>
<!-- Generated by org.testng.reporters.JUnitReportReporter -->
<testsuite skipped="0" hostname="F9XG882" name="qa.FileHandle" tests="1" failures="0" timestamp="14 Jan 2019 19:32:04 GMT" time="9.653" errors="0">
  <testcase name="downloadFile" time="9.653" classname="qa.FileHandle"/>
</testsuite> <!-- qa.FileHandle -->
