<?xml version="1.0" encoding="UTF-8"?>
<!-- Generated by org.testng.reporters.JUnitReportReporter -->
<testsuite skipped="0" hostname="F9XG882" name="qa.TC11" tests="3" failures="0" timestamp="28 Oct 2018 11:55:11 GMT" time="0.026" errors="0">
  <testcase name="BB" time="0.013" classname="qa.TC11"/>
  <testcase name="SB" time="0.005" classname="qa.TC11"/>
  <testcase name="AB" time="0.008" classname="qa.TC11"/>
</testsuite> <!-- qa.TC11 -->
